Traceback (most recent call last):
  File "/usr/local/lib/python3.10/site-packages/jupyter_cache/executors/utils.py", line 58, in single_nb_execution
    executenb(
  File "/usr/local/lib/python3.10/site-packages/nbclient/client.py", line 1204, in execute
    return NotebookClient(nb=nb, resources=resources, km=km, **kwargs).execute()
  File "/usr/local/lib/python3.10/site-packages/nbclient/util.py", line 84, in wrapped
    return just_run(coro(*args, **kwargs))
  File "/usr/local/lib/python3.10/site-packages/nbclient/util.py", line 62, in just_run
    return loop.run_until_complete(coro)
  File "/usr/local/lib/python3.10/asyncio/base_events.py", line 646, in run_until_complete
    return future.result()
  File "/usr/local/lib/python3.10/site-packages/nbclient/client.py", line 663, in async_execute
    await self.async_execute_cell(
  File "/usr/local/lib/python3.10/site-packages/nbclient/client.py", line 965, in async_execute_cell
    await self._check_raise_for_error(cell, cell_index, exec_reply)
  File "/usr/local/lib/python3.10/site-packages/nbclient/client.py", line 862, in _check_raise_for_error
    raise CellExecutionError.from_cell_and_msg(cell, exec_reply_content)
nbclient.exceptions.CellExecutionError: An error occurred while executing the following cell:
------------------
import sys

from matplotlib import pyplot as plt
import numpy as np
from scipy.integrate import quad, trapz

sys.path.append('..')  # provide access to the root folder for local development
from climate_metrics import impulse_response_function, _get_radiative_efficiency_kg
from climate_metrics import AGWP_CO2, AGWP_CH4_no_CO2
------------------

[0;31m---------------------------------------------------------------------------[0m
[0;31mModuleNotFoundError[0m                       Traceback (most recent call last)
Input [0;32mIn [1][0m, in [0;36m<cell line: 8>[0;34m()[0m
[1;32m      5[0m [38;5;28;01mfrom[39;00m [38;5;21;01mscipy[39;00m[38;5;21;01m.[39;00m[38;5;21;01mintegrate[39;00m [38;5;28;01mimport[39;00m quad, trapz
[1;32m      7[0m sys[38;5;241m.[39mpath[38;5;241m.[39mappend([38;5;124m'[39m[38;5;124m..[39m[38;5;124m'[39m)  [38;5;66;03m# provide access to the root folder for local development[39;00m
[0;32m----> 8[0m [38;5;28;01mfrom[39;00m [38;5;21;01mclimate_metrics[39;00m [38;5;28;01mimport[39;00m impulse_response_function, _get_radiative_efficiency_kg
[1;32m      9[0m [38;5;28;01mfrom[39;00m [38;5;21;01mclimate_metrics[39;00m [38;5;28;01mimport[39;00m AGWP_CO2, AGWP_CH4_no_CO2

[0;31mModuleNotFoundError[0m: No module named 'climate_metrics'
ModuleNotFoundError: No module named 'climate_metrics'

